[16-Aug-2021 22:58:57 +0000]: <lsutghes> PHP Error: STARTTLS failed (POST /?_task=mail&_unlock=loading1629154737898&_framed=1&_lang=en_US&_action=send)
[16-Aug-2021 22:58:57 +0000]: <lsutghes> PHP Error: Invalid response code received from server (POST /?_task=mail&_unlock=loading1629154737898&_framed=1&_lang=en_US&_action=send)
[16-Aug-2021 22:58:57 +0000]: <lsutghes> SMTP Error: Authentication failure: STARTTLS failed (Code: ) in /usr/share/nginx/roundcube/program/lib/Roundcube/rcube.php on line 1702 (POST /?_task=mail&_unlock=loading1629154737898&_framed=1&_lang=en_US&_action=send)
[16-Aug-2021 22:59:10 +0000]: <lsutghes> PHP Error: STARTTLS failed (POST /?_task=mail&_unlock=loading1629154750833&_framed=1&_lang=en_US&_action=send)
[16-Aug-2021 22:59:10 +0000]: <lsutghes> PHP Error: Invalid response code received from server (POST /?_task=mail&_unlock=loading1629154750833&_framed=1&_lang=en_US&_action=send)
[16-Aug-2021 22:59:10 +0000]: <lsutghes> SMTP Error: Authentication failure: STARTTLS failed (Code: ) in /usr/share/nginx/roundcube/program/lib/Roundcube/rcube.php on line 1702 (POST /?_task=mail&_unlock=loading1629154750833&_framed=1&_lang=en_US&_action=send)
[16-Aug-2021 23:03:24 +0000]: <lsutghes> PHP Error: STARTTLS failed (POST /?_task=mail&_unlock=loading1629155004216&_framed=1&_lang=en_US&_action=send)
[16-Aug-2021 23:03:24 +0000]: <lsutghes> PHP Error: Invalid response code received from server (POST /?_task=mail&_unlock=loading1629155004216&_framed=1&_lang=en_US&_action=send)
[16-Aug-2021 23:03:24 +0000]: <lsutghes> SMTP Error: Authentication failure: STARTTLS failed (Code: ) in /usr/share/nginx/roundcube/program/lib/Roundcube/rcube.php on line 1702 (POST /?_task=mail&_unlock=loading1629155004216&_framed=1&_lang=en_US&_action=send)
[16-Aug-2021 23:06:33 +0000]: <lsutghes> PHP Error: Request security check failed (GET /?_task=logout&_token=QEol2ANmEbWjLNfAk3warvSTrTaxDXLV)
[16-Aug-2021 23:10:48 +0000]: <rn3uuglf> PHP Error: STARTTLS failed (POST /?_task=mail&_unlock=loading1629155448215&_framed=1&_lang=en_US&_action=send)
[16-Aug-2021 23:10:48 +0000]: <rn3uuglf> PHP Error: Invalid response code received from server (POST /?_task=mail&_unlock=loading1629155448215&_framed=1&_lang=en_US&_action=send)
[16-Aug-2021 23:10:48 +0000]: <rn3uuglf> SMTP Error: Authentication failure: STARTTLS failed (Code: ) in /usr/share/nginx/roundcube/program/lib/Roundcube/rcube.php on line 1702 (POST /?_task=mail&_unlock=loading1629155448215&_framed=1&_lang=en_US&_action=send)
[16-Aug-2021 23:10:53 +0000]: <rn3uuglf> PHP Error: STARTTLS failed (POST /?_task=mail&_unlock=loading1629155453412&_framed=1&_lang=en_US&_action=send)
[16-Aug-2021 23:10:53 +0000]: <rn3uuglf> PHP Error: Invalid response code received from server (POST /?_task=mail&_unlock=loading1629155453412&_framed=1&_lang=en_US&_action=send)
[16-Aug-2021 23:10:53 +0000]: <rn3uuglf> SMTP Error: Authentication failure: STARTTLS failed (Code: ) in /usr/share/nginx/roundcube/program/lib/Roundcube/rcube.php on line 1702 (POST /?_task=mail&_unlock=loading1629155453412&_framed=1&_lang=en_US&_action=send)
[16-Aug-2021 23:12:27 +0000]: <rn3uuglf> PHP Error: STARTTLS failed (POST /?_task=mail&_unlock=loading1629155547656&_framed=1&_lang=en_US&_action=send)
[16-Aug-2021 23:12:27 +0000]: <rn3uuglf> PHP Error: Invalid response code received from server (POST /?_task=mail&_unlock=loading1629155547656&_framed=1&_lang=en_US&_action=send)
[16-Aug-2021 23:12:27 +0000]: <rn3uuglf> SMTP Error: Authentication failure: STARTTLS failed (Code: ) in /usr/share/nginx/roundcube/program/lib/Roundcube/rcube.php on line 1702 (POST /?_task=mail&_unlock=loading1629155547656&_framed=1&_lang=en_US&_action=send)
[16-Aug-2021 23:17:13 +0000]: <rn3uuglf> PHP Error: Invalid response code received from server (POST /?_task=mail&_unlock=loading1629155833864&_framed=1&_lang=en_US&_action=send)
[16-Aug-2021 23:17:13 +0000]: <rn3uuglf> PHP Error: Invalid response code received from server (POST /?_task=mail&_unlock=loading1629155833864&_framed=1&_lang=en_US&_action=send)
[16-Aug-2021 23:17:13 +0000]: <rn3uuglf> SMTP Error: Failed to set sender 'farhan@mail.astroventure.org'. 5.7.0 Must issue a STARTTLS command first (Code: 530) in /usr/share/nginx/roundcube/program/lib/Roundcube/rcube.php on line 1702 (POST /?_task=mail&_unlock=loading1629155833864&_framed=1&_lang=en_US&_action=send)
[16-Aug-2021 23:22:10 +0000]: <rn3uuglf> PHP Error: Invalid response code received from server (POST /?_task=mail&_unlock=loading1629156130303&_framed=1&_lang=en_US&_action=send)
[16-Aug-2021 23:22:10 +0000]: <rn3uuglf> SMTP Error: Failed to add recipient 'krishjain0202@gmail.com'. 5.7.1 <krishjain0202@gmail.com>: Recipient address rejected: Access denied (Code: 554) in /usr/share/nginx/roundcube/program/lib/Roundcube/rcube.php on line 1702 (POST /?_task=mail&_unlock=loading1629156130303&_framed=1&_lang=en_US&_action=send)
[16-Aug-2021 23:22:22 +0000]: <rn3uuglf> PHP Error: Invalid response code received from server (POST /?_task=mail&_unlock=loading1629156142296&_framed=1&_lang=en_US&_action=send)
[16-Aug-2021 23:22:22 +0000]: <rn3uuglf> SMTP Error: Failed to add recipient 'krishjain0202@gmail.com'. 5.7.1 <krishjain0202@gmail.com>: Recipient address rejected: Access denied (Code: 554) in /usr/share/nginx/roundcube/program/lib/Roundcube/rcube.php on line 1702 (POST /?_task=mail&_unlock=loading1629156142296&_framed=1&_lang=en_US&_action=send)
[16-Aug-2021 23:25:38 +0000]: <rn3uuglf> PHP Error: STARTTLS failed (POST /?_task=mail&_unlock=loading1629156339021&_framed=1&_lang=en_US&_action=send)
[16-Aug-2021 23:25:38 +0000]: <rn3uuglf> PHP Error: Invalid response code received from server (POST /?_task=mail&_unlock=loading1629156339021&_framed=1&_lang=en_US&_action=send)
[16-Aug-2021 23:25:38 +0000]: <rn3uuglf> SMTP Error: Authentication failure: STARTTLS failed (Code: ) in /usr/share/nginx/roundcube/program/lib/Roundcube/rcube.php on line 1702 (POST /?_task=mail&_unlock=loading1629156339021&_framed=1&_lang=en_US&_action=send)
[16-Aug-2021 23:29:52 +0000]: <9pt0ugjv> PHP Error: STARTTLS failed (POST /?_task=mail&_unlock=loading1629156592198&_framed=1&_lang=en_US&_action=send)
[16-Aug-2021 23:29:52 +0000]: <9pt0ugjv> PHP Error: Invalid response code received from server (POST /?_task=mail&_unlock=loading1629156592198&_framed=1&_lang=en_US&_action=send)
[16-Aug-2021 23:29:52 +0000]: <9pt0ugjv> SMTP Error: Authentication failure: STARTTLS failed (Code: ) in /usr/share/nginx/roundcube/program/lib/Roundcube/rcube.php on line 1702 (POST /?_task=mail&_unlock=loading1629156592198&_framed=1&_lang=en_US&_action=send)
[16-Aug-2021 23:31:12 +0000]: <9pt0ugjv> PHP Error: STARTTLS failed (POST /?_task=mail&_unlock=loading1629156672630&_framed=1&_lang=en_US&_action=send)
[16-Aug-2021 23:31:12 +0000]: <9pt0ugjv> PHP Error: Invalid response code received from server (POST /?_task=mail&_unlock=loading1629156672630&_framed=1&_lang=en_US&_action=send)
[16-Aug-2021 23:31:12 +0000]: <9pt0ugjv> SMTP Error: Authentication failure: STARTTLS failed (Code: ) in /usr/share/nginx/roundcube/program/lib/Roundcube/rcube.php on line 1702 (POST /?_task=mail&_unlock=loading1629156672630&_framed=1&_lang=en_US&_action=send)
[16-Aug-2021 23:31:13 +0000]: <9pt0ugjv> PHP Error: STARTTLS failed (POST /?_task=mail&_unlock=loading1629156673651&_framed=1&_lang=en_US&_action=send)
[16-Aug-2021 23:31:13 +0000]: <9pt0ugjv> PHP Error: Invalid response code received from server (POST /?_task=mail&_unlock=loading1629156673651&_framed=1&_lang=en_US&_action=send)
[16-Aug-2021 23:31:13 +0000]: <9pt0ugjv> SMTP Error: Authentication failure: STARTTLS failed (Code: ) in /usr/share/nginx/roundcube/program/lib/Roundcube/rcube.php on line 1702 (POST /?_task=mail&_unlock=loading1629156673651&_framed=1&_lang=en_US&_action=send)
[16-Aug-2021 23:31:13 +0000]: <9pt0ugjv> PHP Error: STARTTLS failed (POST /?_task=mail&_unlock=loading1629156673913&_framed=1&_lang=en_US&_action=send)
[16-Aug-2021 23:31:13 +0000]: <9pt0ugjv> PHP Error: Invalid response code received from server (POST /?_task=mail&_unlock=loading1629156673913&_framed=1&_lang=en_US&_action=send)
[16-Aug-2021 23:31:13 +0000]: <9pt0ugjv> SMTP Error: Authentication failure: STARTTLS failed (Code: ) in /usr/share/nginx/roundcube/program/lib/Roundcube/rcube.php on line 1702 (POST /?_task=mail&_unlock=loading1629156673913&_framed=1&_lang=en_US&_action=send)
[16-Aug-2021 23:32:58 +0000]: <huhs4jt4> PHP Error: STARTTLS failed (POST /?_task=mail&_unlock=loading1629156778938&_framed=1&_lang=en_US&_action=send)
[16-Aug-2021 23:32:58 +0000]: <huhs4jt4> PHP Error: Invalid response code received from server (POST /?_task=mail&_unlock=loading1629156778938&_framed=1&_lang=en_US&_action=send)
[16-Aug-2021 23:32:58 +0000]: <huhs4jt4> SMTP Error: Authentication failure: STARTTLS failed (Code: ) in /usr/share/nginx/roundcube/program/lib/Roundcube/rcube.php on line 1702 (POST /?_task=mail&_unlock=loading1629156778938&_framed=1&_lang=en_US&_action=send)
[16-Aug-2021 23:42:09 +0000]: <huhs4jt4> PHP Error: STARTTLS failed (POST /?_task=mail&_unlock=loading1629157329040&_framed=1&_lang=en_US&_action=send)
[16-Aug-2021 23:42:09 +0000]: <huhs4jt4> PHP Error: Invalid response code received from server (POST /?_task=mail&_unlock=loading1629157329040&_framed=1&_lang=en_US&_action=send)
[16-Aug-2021 23:42:09 +0000]: <huhs4jt4> SMTP Error: Authentication failure: STARTTLS failed (Code: ) in /usr/share/nginx/roundcube/program/lib/Roundcube/rcube.php on line 1702 (POST /?_task=mail&_unlock=loading1629157329040&_framed=1&_lang=en_US&_action=send)
[16-Aug-2021 23:49:10 +0000]: <rltho0ok> PHP Error: STARTTLS failed (POST /?_task=mail&_unlock=loading1629157750936&_framed=1&_lang=en_US&_action=send)
[16-Aug-2021 23:49:10 +0000]: <rltho0ok> PHP Error: Invalid response code received from server (POST /?_task=mail&_unlock=loading1629157750936&_framed=1&_lang=en_US&_action=send)
[16-Aug-2021 23:49:10 +0000]: <rltho0ok> SMTP Error: Authentication failure: STARTTLS failed (Code: ) in /usr/share/nginx/roundcube/program/lib/Roundcube/rcube.php on line 1702 (POST /?_task=mail&_unlock=loading1629157750936&_framed=1&_lang=en_US&_action=send)
[16-Aug-2021 23:49:11 +0000]: <rltho0ok> PHP Error: STARTTLS failed (POST /?_task=mail&_unlock=loading1629157751877&_framed=1&_lang=en_US&_action=send)
[16-Aug-2021 23:49:11 +0000]: <rltho0ok> PHP Error: Invalid response code received from server (POST /?_task=mail&_unlock=loading1629157751877&_framed=1&_lang=en_US&_action=send)
[16-Aug-2021 23:49:11 +0000]: <rltho0ok> SMTP Error: Authentication failure: STARTTLS failed (Code: ) in /usr/share/nginx/roundcube/program/lib/Roundcube/rcube.php on line 1702 (POST /?_task=mail&_unlock=loading1629157751877&_framed=1&_lang=en_US&_action=send)
[16-Aug-2021 23:49:12 +0000]: <rltho0ok> PHP Error: STARTTLS failed (POST /?_task=mail&_unlock=loading1629157752034&_framed=1&_lang=en_US&_action=send)
[16-Aug-2021 23:49:12 +0000]: <rltho0ok> PHP Error: Invalid response code received from server (POST /?_task=mail&_unlock=loading1629157752034&_framed=1&_lang=en_US&_action=send)
[16-Aug-2021 23:49:12 +0000]: <rltho0ok> SMTP Error: Authentication failure: STARTTLS failed (Code: ) in /usr/share/nginx/roundcube/program/lib/Roundcube/rcube.php on line 1702 (POST /?_task=mail&_unlock=loading1629157752034&_framed=1&_lang=en_US&_action=send)
[16-Aug-2021 23:49:12 +0000]: <rltho0ok> PHP Error: STARTTLS failed (POST /?_task=mail&_unlock=loading1629157752200&_framed=1&_lang=en_US&_action=send)
[16-Aug-2021 23:49:12 +0000]: <rltho0ok> PHP Error: Invalid response code received from server (POST /?_task=mail&_unlock=loading1629157752200&_framed=1&_lang=en_US&_action=send)
[16-Aug-2021 23:49:12 +0000]: <rltho0ok> SMTP Error: Authentication failure: STARTTLS failed (Code: ) in /usr/share/nginx/roundcube/program/lib/Roundcube/rcube.php on line 1702 (POST /?_task=mail&_unlock=loading1629157752200&_framed=1&_lang=en_US&_action=send)
[16-Aug-2021 23:49:12 +0000]: <rltho0ok> PHP Error: STARTTLS failed (POST /?_task=mail&_unlock=loading1629157752951&_framed=1&_lang=en_US&_action=send)
[16-Aug-2021 23:49:12 +0000]: <rltho0ok> PHP Error: Invalid response code received from server (POST /?_task=mail&_unlock=loading1629157752951&_framed=1&_lang=en_US&_action=send)
[16-Aug-2021 23:49:12 +0000]: <rltho0ok> SMTP Error: Authentication failure: STARTTLS failed (Code: ) in /usr/share/nginx/roundcube/program/lib/Roundcube/rcube.php on line 1702 (POST /?_task=mail&_unlock=loading1629157752951&_framed=1&_lang=en_US&_action=send)
[16-Aug-2021 23:50:51 +0000]: <4ap3r1g3> PHP Error: STARTTLS failed (POST /?_task=mail&_unlock=loading1629157851665&_framed=1&_lang=en_US&_action=send)
[16-Aug-2021 23:50:51 +0000]: <4ap3r1g3> PHP Error: Invalid response code received from server (POST /?_task=mail&_unlock=loading1629157851665&_framed=1&_lang=en_US&_action=send)
[16-Aug-2021 23:50:51 +0000]: <4ap3r1g3> SMTP Error: Authentication failure: STARTTLS failed (Code: ) in /usr/share/nginx/roundcube/program/lib/Roundcube/rcube.php on line 1702 (POST /?_task=mail&_unlock=loading1629157851665&_framed=1&_lang=en_US&_action=send)
[16-Aug-2021 23:50:53 +0000]: <4ap3r1g3> PHP Error: STARTTLS failed (POST /?_task=mail&_unlock=loading1629157853763&_framed=1&_lang=en_US&_action=send)
[16-Aug-2021 23:50:53 +0000]: <4ap3r1g3> PHP Error: Invalid response code received from server (POST /?_task=mail&_unlock=loading1629157853763&_framed=1&_lang=en_US&_action=send)
[16-Aug-2021 23:50:53 +0000]: <4ap3r1g3> SMTP Error: Authentication failure: STARTTLS failed (Code: ) in /usr/share/nginx/roundcube/program/lib/Roundcube/rcube.php on line 1702 (POST /?_task=mail&_unlock=loading1629157853763&_framed=1&_lang=en_US&_action=send)
[17-Aug-2021 00:00:54 +0000]: <d27k8oiv> PHP Error: STARTTLS failed (POST /?_task=mail&_unlock=loading1629158454152&_framed=1&_lang=en_US&_action=send)
[17-Aug-2021 00:00:54 +0000]: <d27k8oiv> PHP Error: Invalid response code received from server (POST /?_task=mail&_unlock=loading1629158454152&_framed=1&_lang=en_US&_action=send)
[17-Aug-2021 00:00:54 +0000]: <d27k8oiv> SMTP Error: Authentication failure: STARTTLS failed (Code: ) in /usr/share/nginx/roundcube/program/lib/Roundcube/rcube.php on line 1702 (POST /?_task=mail&_unlock=loading1629158454152&_framed=1&_lang=en_US&_action=send)
[17-Aug-2021 00:08:40 +0000]: <t6547pa1> PHP Error: STARTTLS failed (POST /?_task=mail&_unlock=loading1629158920424&_framed=1&_lang=en_US&_action=send)
[17-Aug-2021 00:08:40 +0000]: <t6547pa1> PHP Error: Invalid response code received from server (POST /?_task=mail&_unlock=loading1629158920424&_framed=1&_lang=en_US&_action=send)
[17-Aug-2021 00:08:40 +0000]: <t6547pa1> SMTP Error: Authentication failure: STARTTLS failed (Code: ) in /usr/share/nginx/roundcube/program/lib/Roundcube/rcube.php on line 1702 (POST /?_task=mail&_unlock=loading1629158920424&_framed=1&_lang=en_US&_action=send)
[17-Aug-2021 00:11:32 +0000]: <0rm66r28> PHP Error: STARTTLS failed (POST /?_task=mail&_unlock=loading1629159092426&_framed=1&_lang=en_US&_action=send)
[17-Aug-2021 00:11:32 +0000]: <0rm66r28> PHP Error: Invalid response code received from server (POST /?_task=mail&_unlock=loading1629159092426&_framed=1&_lang=en_US&_action=send)
[17-Aug-2021 00:11:32 +0000]: <0rm66r28> SMTP Error: Authentication failure: STARTTLS failed (Code: ) in /usr/share/nginx/roundcube/program/lib/Roundcube/rcube.php on line 1702 (POST /?_task=mail&_unlock=loading1629159092426&_framed=1&_lang=en_US&_action=send)
[17-Aug-2021 00:15:00 +0000]: <1ol9ub1l> PHP Error: STARTTLS failed (POST /?_task=mail&_unlock=loading1629159300316&_framed=1&_lang=en_US&_action=send)
[17-Aug-2021 00:15:00 +0000]: <1ol9ub1l> PHP Error: Invalid response code received from server (POST /?_task=mail&_unlock=loading1629159300316&_framed=1&_lang=en_US&_action=send)
[17-Aug-2021 00:15:00 +0000]: <1ol9ub1l> SMTP Error: Authentication failure: STARTTLS failed (Code: ) in /usr/share/nginx/roundcube/program/lib/Roundcube/rcube.php on line 1702 (POST /?_task=mail&_unlock=loading1629159300316&_framed=1&_lang=en_US&_action=send)
[17-Aug-2021 00:20:10 +0000]: <u8hn3erb> PHP Error: STARTTLS failed (POST /?_task=mail&_unlock=loading1629159610835&_framed=1&_lang=en_US&_action=send)
[17-Aug-2021 00:20:10 +0000]: <u8hn3erb> PHP Error: Invalid response code received from server (POST /?_task=mail&_unlock=loading1629159610835&_framed=1&_lang=en_US&_action=send)
[17-Aug-2021 00:20:10 +0000]: <u8hn3erb> SMTP Error: Authentication failure: STARTTLS failed (Code: ) in /usr/share/nginx/roundcube/program/lib/Roundcube/rcube.php on line 1702 (POST /?_task=mail&_unlock=loading1629159610835&_framed=1&_lang=en_US&_action=send)
[17-Aug-2021 00:29:10 +0000]: <jodllbs8> PHP Error: STARTTLS failed (POST /?_task=mail&_unlock=loading1629160150002&_framed=1&_lang=en_US&_action=send)
[17-Aug-2021 00:29:10 +0000]: <jodllbs8> PHP Error: Invalid response code received from server (POST /?_task=mail&_unlock=loading1629160150002&_framed=1&_lang=en_US&_action=send)
[17-Aug-2021 00:29:10 +0000]: <jodllbs8> SMTP Error: Authentication failure: STARTTLS failed (Code: ) in /usr/share/nginx/roundcube/program/lib/Roundcube/rcube.php on line 1702 (POST /?_task=mail&_unlock=loading1629160150002&_framed=1&_lang=en_US&_action=send)
[17-Aug-2021 00:30:16 +0000]: <2pvp9joa> PHP Error: STARTTLS failed (POST /?_task=mail&_unlock=loading1629160216326&_framed=1&_lang=en_US&_action=send)
[17-Aug-2021 00:30:16 +0000]: <2pvp9joa> PHP Error: Invalid response code received from server (POST /?_task=mail&_unlock=loading1629160216326&_framed=1&_lang=en_US&_action=send)
[17-Aug-2021 00:30:16 +0000]: <2pvp9joa> SMTP Error: Authentication failure: STARTTLS failed (Code: ) in /usr/share/nginx/roundcube/program/lib/Roundcube/rcube.php on line 1702 (POST /?_task=mail&_unlock=loading1629160216326&_framed=1&_lang=en_US&_action=send)
[17-Aug-2021 00:31:23 +0000]: <v8bk3ltu> PHP Error: STARTTLS failed (POST /?_task=mail&_unlock=loading1629160283154&_framed=1&_lang=en_US&_action=send)
[17-Aug-2021 00:31:23 +0000]: <v8bk3ltu> PHP Error: Invalid response code received from server (POST /?_task=mail&_unlock=loading1629160283154&_framed=1&_lang=en_US&_action=send)
[17-Aug-2021 00:31:23 +0000]: <v8bk3ltu> SMTP Error: Authentication failure: STARTTLS failed (Code: ) in /usr/share/nginx/roundcube/program/lib/Roundcube/rcube.php on line 1702 (POST /?_task=mail&_unlock=loading1629160283154&_framed=1&_lang=en_US&_action=send)
[17-Aug-2021 00:32:13 +0000]: <f7hks11f> PHP Error: STARTTLS failed (POST /?_task=mail&_unlock=loading1629160333088&_framed=1&_lang=en_US&_action=send)
[17-Aug-2021 00:32:13 +0000]: <f7hks11f> PHP Error: Invalid response code received from server (POST /?_task=mail&_unlock=loading1629160333088&_framed=1&_lang=en_US&_action=send)
[17-Aug-2021 00:32:13 +0000]: <f7hks11f> SMTP Error: Authentication failure: STARTTLS failed (Code: ) in /usr/share/nginx/roundcube/program/lib/Roundcube/rcube.php on line 1702 (POST /?_task=mail&_unlock=loading1629160333088&_framed=1&_lang=en_US&_action=send)
[17-Aug-2021 00:32:14 +0000]: <f7hks11f> PHP Error: STARTTLS failed (POST /?_task=mail&_unlock=loading1629160334321&_framed=1&_lang=en_US&_action=send)
[17-Aug-2021 00:32:14 +0000]: <f7hks11f> PHP Error: Invalid response code received from server (POST /?_task=mail&_unlock=loading1629160334321&_framed=1&_lang=en_US&_action=send)
[17-Aug-2021 00:32:14 +0000]: <f7hks11f> SMTP Error: Authentication failure: STARTTLS failed (Code: ) in /usr/share/nginx/roundcube/program/lib/Roundcube/rcube.php on line 1702 (POST /?_task=mail&_unlock=loading1629160334321&_framed=1&_lang=en_US&_action=send)
[17-Aug-2021 00:32:14 +0000]: <f7hks11f> PHP Error: STARTTLS failed (POST /?_task=mail&_unlock=loading1629160334520&_framed=1&_lang=en_US&_action=send)
[17-Aug-2021 00:32:14 +0000]: <f7hks11f> PHP Error: Invalid response code received from server (POST /?_task=mail&_unlock=loading1629160334520&_framed=1&_lang=en_US&_action=send)
[17-Aug-2021 00:32:14 +0000]: <f7hks11f> SMTP Error: Authentication failure: STARTTLS failed (Code: ) in /usr/share/nginx/roundcube/program/lib/Roundcube/rcube.php on line 1702 (POST /?_task=mail&_unlock=loading1629160334520&_framed=1&_lang=en_US&_action=send)
[17-Aug-2021 00:32:14 +0000]: <f7hks11f> PHP Error: STARTTLS failed (POST /?_task=mail&_unlock=loading1629160334828&_framed=1&_lang=en_US&_action=send)
[17-Aug-2021 00:32:14 +0000]: <f7hks11f> PHP Error: Invalid response code received from server (POST /?_task=mail&_unlock=loading1629160334828&_framed=1&_lang=en_US&_action=send)
[17-Aug-2021 00:32:14 +0000]: <f7hks11f> SMTP Error: Authentication failure: STARTTLS failed (Code: ) in /usr/share/nginx/roundcube/program/lib/Roundcube/rcube.php on line 1702 (POST /?_task=mail&_unlock=loading1629160334828&_framed=1&_lang=en_US&_action=send)
[17-Aug-2021 00:32:14 +0000]: <f7hks11f> PHP Error: STARTTLS failed (POST /?_task=mail&_unlock=loading1629160335011&_framed=1&_lang=en_US&_action=send)
[17-Aug-2021 00:32:14 +0000]: <f7hks11f> PHP Error: Invalid response code received from server (POST /?_task=mail&_unlock=loading1629160335011&_framed=1&_lang=en_US&_action=send)
[17-Aug-2021 00:32:14 +0000]: <f7hks11f> SMTP Error: Authentication failure: STARTTLS failed (Code: ) in /usr/share/nginx/roundcube/program/lib/Roundcube/rcube.php on line 1702 (POST /?_task=mail&_unlock=loading1629160335011&_framed=1&_lang=en_US&_action=send)
[17-Aug-2021 00:32:15 +0000]: <f7hks11f> PHP Error: STARTTLS failed (POST /?_task=mail&_unlock=loading1629160335234&_framed=1&_lang=en_US&_action=send)
[17-Aug-2021 00:32:15 +0000]: <f7hks11f> PHP Error: Invalid response code received from server (POST /?_task=mail&_unlock=loading1629160335234&_framed=1&_lang=en_US&_action=send)
[17-Aug-2021 00:32:15 +0000]: <f7hks11f> SMTP Error: Authentication failure: STARTTLS failed (Code: ) in /usr/share/nginx/roundcube/program/lib/Roundcube/rcube.php on line 1702 (POST /?_task=mail&_unlock=loading1629160335234&_framed=1&_lang=en_US&_action=send)
[17-Aug-2021 13:28:35 +0000]: <uj4l7075> IMAP Error: Login failed for tanatswa@astroventure.org against mail.astroventure.org from 102.128.76.45. AUTHENTICATE PLAIN: Authentication failed. in /usr/share/nginx/roundcube/program/lib/Roundcube/rcube_imap.php on line 200 (POST /?_task=login&_action=login)
[17-Aug-2021 13:43:42 +0000]: <uj4l7075> IMAP Error: Login failed for tanatswa@astroventure.org against mail.astroventure.org from 102.128.76.45. AUTHENTICATE PLAIN: Authentication failed. in /usr/share/nginx/roundcube/program/lib/Roundcube/rcube_imap.php on line 200 (POST /?_task=login&_action=login)
[17-Aug-2021 13:44:04 +0000]: <uj4l7075> IMAP Error: Login failed for tanatswa@astroventure.org against mail.astroventure.org from 102.128.76.45. AUTHENTICATE PLAIN: Authentication failed. in /usr/share/nginx/roundcube/program/lib/Roundcube/rcube_imap.php on line 200 (POST /?_task=login&_action=login)
[17-Aug-2021 15:09:05 +0000]: <uj4l7075> IMAP Error: Login failed for tanatswa against mail.astroventure.org from 102.128.76.45. AUTHENTICATE PLAIN: Authentication failed. in /usr/share/nginx/roundcube/program/lib/Roundcube/rcube_imap.php on line 200 (POST /?_task=login&_action=login)
[17-Aug-2021 15:09:24 +0000]: <uj4l7075> IMAP Error: Login failed for tanatswa against mail.astroventure.org from 102.128.76.45. AUTHENTICATE PLAIN: Authentication failed. in /usr/share/nginx/roundcube/program/lib/Roundcube/rcube_imap.php on line 200 (POST /?_task=login&_action=login)
[17-Aug-2021 15:10:05 +0000]: <uj4l7075> IMAP Error: Login failed for tanatswa against mail.astroventure.org from 102.128.76.45. AUTHENTICATE PLAIN: Authentication failed. in /usr/share/nginx/roundcube/program/lib/Roundcube/rcube_imap.php on line 200 (POST /?_task=login&_action=login)
[17-Aug-2021 15:10:24 +0000]: <uj4l7075> IMAP Error: Login failed for tanatswa against mail.astroventure.org from 102.128.76.45. AUTHENTICATE PLAIN: Authentication failed. in /usr/share/nginx/roundcube/program/lib/Roundcube/rcube_imap.php on line 200 (POST /?_task=login&_action=login)
[17-Aug-2021 15:10:41 +0000]: <uj4l7075> IMAP Error: Login failed for tanatswa against mail.astroventure.org from 102.128.76.45. AUTHENTICATE PLAIN: Authentication failed. in /usr/share/nginx/roundcube/program/lib/Roundcube/rcube_imap.php on line 200 (POST /?_task=login&_action=login)
[17-Aug-2021 15:19:23 +0000]: <uj4l7075> IMAP Error: Login failed for tanatswa against mail.astroventure.org from 102.128.76.45. AUTHENTICATE PLAIN: Authentication failed. in /usr/share/nginx/roundcube/program/lib/Roundcube/rcube_imap.php on line 200 (POST /?_task=login&_action=login)
[17-Aug-2021 15:19:40 +0000]: <uj4l7075> IMAP Error: Login failed for tanatswa against mail.astroventure.org from 102.128.76.45. AUTHENTICATE PLAIN: Authentication failed. in /usr/share/nginx/roundcube/program/lib/Roundcube/rcube_imap.php on line 200 (POST /?_task=login&_action=login)
[17-Aug-2021 19:04:35 +0000]: <0qm2f33t> IMAP Error: Login failed for tanatswa against mail.astroventure.org from 102.128.79.121. AUTHENTICATE PLAIN: Authentication failed. in /usr/share/nginx/roundcube/program/lib/Roundcube/rcube_imap.php on line 200 (POST /?_task=login&_action=login)
[17-Aug-2021 22:20:21 +0000]: <d72mpcg4> IMAP Error: Login failed for farhan against mail.astroventure.org from 195.81.180.30. AUTHENTICATE PLAIN: Authentication failed. in /usr/share/nginx/roundcube/program/lib/Roundcube/rcube_imap.php on line 200 (POST /?_task=login&_action=login)
[17-Aug-2021 22:20:35 +0000]: <d72mpcg4> IMAP Error: Login failed for farhan against mail.astroventure.org from 195.81.180.30. AUTHENTICATE PLAIN: Authentication failed. in /usr/share/nginx/roundcube/program/lib/Roundcube/rcube_imap.php on line 200 (POST /?_task=login&_action=login)
[17-Aug-2021 22:20:45 +0000]: <d72mpcg4> IMAP Error: Login failed for farhan against mail.astroventure.org from 195.81.180.30. AUTHENTICATE PLAIN: Authentication failed. in /usr/share/nginx/roundcube/program/lib/Roundcube/rcube_imap.php on line 200 (POST /?_task=login&_action=login)
[17-Aug-2021 22:21:22 +0000]: <d27k8oiv> IMAP Error: Login failed for tanatswa against mail.astroventure.org from 195.81.180.30. AUTHENTICATE PLAIN: Authentication failed. in /usr/share/nginx/roundcube/program/lib/Roundcube/rcube_imap.php on line 200 (POST /?_task=login&_action=login)
[17-Aug-2021 22:56:38 +0000]: <jrf3lcls> IMAP Error: Login failed for farhan@astroventure.org against mail.astroventure.org from 195.81.180.30. AUTHENTICATE PLAIN: Authentication failed. in /usr/share/nginx/roundcube/program/lib/Roundcube/rcube_imap.php on line 200 (POST /?_task=login&_action=login)
[17-Aug-2021 22:56:58 +0000]: <jrf3lcls> IMAP Error: Login failed for farhan@astroventure.org against mail.astroventure.org from 195.81.180.30. AUTHENTICATE PLAIN: Authentication failed. in /usr/share/nginx/roundcube/program/lib/Roundcube/rcube_imap.php on line 200 (POST /?_task=login&_action=login)
[17-Aug-2021 23:06:09 +0000]: <4kd2on8p> IMAP Error: Login failed for tanatswa against mail.astroventure.org from 195.81.180.30. AUTHENTICATE PLAIN: Authentication failed. in /usr/share/nginx/roundcube/program/lib/Roundcube/rcube_imap.php on line 200 (POST /?_task=login&_action=login)
[17-Aug-2021 23:07:34 +0000]: <o60i2367> IMAP Error: Login failed for farhan against mail.astroventure.org from 195.81.180.30. AUTHENTICATE PLAIN: Authentication failed. in /usr/share/nginx/roundcube/program/lib/Roundcube/rcube_imap.php on line 200 (POST /?_task=login&_action=login)
